<?xml version="1.0" encoding="UTF-8"?>
<testng-results ignored="0" total="9" passed="7" failed="2" skipped="0">
  <reporter-output>
  </reporter-output>
  <suite started-at="2020-11-04T13:50:54Z" name="Smoke Suite" finished-at="2020-11-04T13:52:02Z" duration-ms="68964">
    <groups>
      <group name="MutualFund">
        <method signature="LoginTestng.loginAdmin()[pri:0, instance:com.selenium.testcases.selenium_test.LoginTestng@222114ba]" name="loginAdmin" class="com.selenium.testcases.selenium_test.LoginTestng"/>
        <method signature="LoginTestng.loginTestUser()[pri:1, instance:com.selenium.testcases.selenium_test.LoginTestng@222114ba]" name="loginTestUser" class="com.selenium.testcases.selenium_test.LoginTestng"/>
        <method signature="HandleFrame.loginAdmin()[pri:0, instance:com.selenium.webobject.HandleFrame@7c469c48]" name="loginAdmin" class="com.selenium.webobject.HandleFrame"/>
      </group> <!-- MutualFund -->
      <group name="Kroger">
        <method signature="LoginTestng.userLogin()[pri:2, instance:com.selenium.testcases.selenium_test.LoginTestng@222114ba]" name="userLogin" class="com.selenium.testcases.selenium_test.LoginTestng"/>
      </group> <!-- Kroger -->
    </groups>
    <test started-at="2020-11-04T13:50:54Z" name="Test2" finished-at="2020-11-04T13:51:18Z" duration-ms="24236">
      <class name="com.selenium.testcases.selenium_test.BrowserCode">
        <test-method signature="chrome()[pri:0, instance:com.selenium.testcases.selenium_test.BrowserCode@71b1176b]" started-at="2020-11-04T13:50:54Z" name="chrome" description="verify Chrome" finished-at="2020-11-04T13:51:18Z" duration-ms="23908" status="PASS">
          <reporter-output>
          </reporter-output>
        </test-method> <!-- chrome -->
        <test-method signature="firefox()[pri:1, instance:com.selenium.testcases.selenium_test.BrowserCode@71b1176b]" started-at="2020-11-04T13:51:18Z" name="firefox" description="verify firefox" finished-at="2020-11-04T13:51:18Z" duration-ms="131" status="FAIL">
          <exception class="org.openqa.selenium.WebDriverException">
            <message>
              <![CDATA[Cannot find firefox binary in PATH. Make sure firefox is installed. OS appears to be: WIN10
Build info: version: '3.141.59', revision: 'e82be7d358', time: '2018-11-14T08:17:03'
System info: host: 'LAPTOP-ANSDQM6E', ip: '192.168.0.17', os.name: 'Windows 10', os.arch: 'amd64', os.version: '10.0', java.version: '14.0.2'
Driver info: driver.version: FirefoxDriver]]>
            </message>
            <full-stacktrace>
              <![CDATA[org.openqa.selenium.WebDriverException: Cannot find firefox binary in PATH. Make sure firefox is installed. OS appears to be: WIN10
Build info: version: '3.141.59', revision: 'e82be7d358', time: '2018-11-14T08:17:03'
System info: host: 'LAPTOP-ANSDQM6E', ip: '192.168.0.17', os.name: 'Windows 10', os.arch: 'amd64', os.version: '10.0', java.version: '14.0.2'
Driver info: driver.version: FirefoxDriver
at org.openqa.selenium.firefox.FirefoxBinary.<init>(FirefoxBinary.java:100)
at java.base/java.util.Optional.orElseGet(Optional.java:362)
at org.openqa.selenium.firefox.FirefoxOptions.getBinary(FirefoxOptions.java:216)
at org.openqa.selenium.firefox.FirefoxDriver.toExecutor(FirefoxDriver.java:187)
at org.openqa.selenium.firefox.FirefoxDriver.<init>(FirefoxDriver.java:147)
at org.openqa.selenium.firefox.FirefoxDriver.<init>(FirefoxDriver.java:125)
at com.selenium.testcases.selenium_test.BrowserCode.firefox(BrowserCode.java:30)
at java.base/jdk.internal.reflect.NativeMethodAccessorImpl.invoke0(Native Method)
at java.base/jdk.internal.reflect.NativeMethodAccessorImpl.invoke(NativeMethodAccessorImpl.java:62)
at java.base/jdk.internal.reflect.DelegatingMethodAccessorImpl.invoke(DelegatingMethodAccessorImpl.java:43)
at java.base/java.lang.reflect.Method.invoke(Method.java:564)
at org.testng.internal.MethodInvocationHelper.invokeMethod(MethodInvocationHelper.java:124)
at org.testng.internal.Invoker.invokeMethod(Invoker.java:583)
at org.testng.internal.Invoker.invokeTestMethod(Invoker.java:719)
at org.testng.internal.Invoker.invokeTestMethods(Invoker.java:989)
at org.testng.internal.TestMethodWorker.invokeTestMethods(TestMethodWorker.java:125)
at org.testng.internal.TestMethodWorker.run(TestMethodWorker.java:109)
at org.testng.TestRunner.privateRun(TestRunner.java:648)
at org.testng.TestRunner.run(TestRunner.java:505)
at org.testng.SuiteRunner.runTest(SuiteRunner.java:455)
at org.testng.SuiteRunner.access$000(SuiteRunner.java:40)
at org.testng.SuiteRunner$SuiteWorker.run(SuiteRunner.java:489)
at org.testng.internal.thread.ThreadUtil$1.call(ThreadUtil.java:52)
at java.base/java.util.concurrent.FutureTask.run(FutureTask.java:264)
at java.base/java.util.concurrent.ThreadPoolExecutor.runWorker(ThreadPoolExecutor.java:1130)
at java.base/java.util.concurrent.ThreadPoolExecutor$Worker.run(ThreadPoolExecutor.java:630)
at java.base/java.lang.Thread.run(Thread.java:832)
]]>
            </full-stacktrace>
          </exception> <!-- org.openqa.selenium.WebDriverException -->
          <reporter-output>
          </reporter-output>
        </test-method> <!-- firefox -->
        <test-method signature="Edge()[pri:2, instance:com.selenium.testcases.selenium_test.BrowserCode@71b1176b]" started-at="2020-11-04T13:51:18Z" name="Edge" description="verify Edge" finished-at="2020-11-04T13:51:18Z" duration-ms="51" status="FAIL">
          <exception class="java.lang.IllegalStateException">
            <message>
              <![CDATA[The driver executable does not exist: C:\Users\akanksha singh\Desktop\Selenium Practice\selenium-test\Driver\msedgedriver.exe]]>
            </message>
            <full-stacktrace>
              <![CDATA[java.lang.IllegalStateException: The driver executable does not exist: C:\Users\akanksha singh\Desktop\Selenium Practice\selenium-test\Driver\msedgedriver.exe
at com.google.common.base.Preconditions.checkState(Preconditions.java:585)
at org.openqa.selenium.remote.service.DriverService.checkExecutable(DriverService.java:146)
at org.openqa.selenium.remote.service.DriverService.findExecutable(DriverService.java:141)
at org.openqa.selenium.edge.EdgeDriverService.access$000(EdgeDriverService.java:37)
at org.openqa.selenium.edge.EdgeDriverService$Builder.findDefaultExecutable(EdgeDriverService.java:90)
at org.openqa.selenium.remote.service.DriverService$Builder.build(DriverService.java:355)
at org.openqa.selenium.edge.EdgeDriverService.createDefaultService(EdgeDriverService.java:70)
at org.openqa.selenium.edge.EdgeDriver.<init>(EdgeDriver.java:96)
at com.selenium.testcases.selenium_test.BrowserCode.Edge(BrowserCode.java:41)
at java.base/jdk.internal.reflect.NativeMethodAccessorImpl.invoke0(Native Method)
at java.base/jdk.internal.reflect.NativeMethodAccessorImpl.invoke(NativeMethodAccessorImpl.java:62)
at java.base/jdk.internal.reflect.DelegatingMethodAccessorImpl.invoke(DelegatingMethodAccessorImpl.java:43)
at java.base/java.lang.reflect.Method.invoke(Method.java:564)
at org.testng.internal.MethodInvocationHelper.invokeMethod(MethodInvocationHelper.java:124)
at org.testng.internal.Invoker.invokeMethod(Invoker.java:583)
at org.testng.internal.Invoker.invokeTestMethod(Invoker.java:719)
at org.testng.internal.Invoker.invokeTestMethods(Invoker.java:989)
at org.testng.internal.TestMethodWorker.invokeTestMethods(TestMethodWorker.java:125)
at org.testng.internal.TestMethodWorker.run(TestMethodWorker.java:109)
at org.testng.TestRunner.privateRun(TestRunner.java:648)
at org.testng.TestRunner.run(TestRunner.java:505)
at org.testng.SuiteRunner.runTest(SuiteRunner.java:455)
at org.testng.SuiteRunner.access$000(SuiteRunner.java:40)
at org.testng.SuiteRunner$SuiteWorker.run(SuiteRunner.java:489)
at org.testng.internal.thread.ThreadUtil$1.call(ThreadUtil.java:52)
at java.base/java.util.concurrent.FutureTask.run(FutureTask.java:264)
at java.base/java.util.concurrent.ThreadPoolExecutor.runWorker(ThreadPoolExecutor.java:1130)
at java.base/java.util.concurrent.ThreadPoolExecutor$Worker.run(ThreadPoolExecutor.java:630)
at java.base/java.lang.Thread.run(Thread.java:832)
]]>
            </full-stacktrace>
          </exception> <!-- java.lang.IllegalStateException -->
          <reporter-output>
          </reporter-output>
        </test-method> <!-- Edge -->
      </class> <!-- com.selenium.testcases.selenium_test.BrowserCode -->
    </test> <!-- Test2 -->
    <test started-at="2020-11-04T13:50:54Z" name="Test3" finished-at="2020-11-04T13:51:27Z" duration-ms="33233">
      <class name="com.selenium.webobject.HandleFrame">
        <test-method is-config="true" signature="preCondition()[pri:0, instance:com.selenium.webobject.HandleFrame@7c469c48]" started-at="2020-11-04T13:50:54Z" name="preCondition" finished-at="2020-11-04T13:51:17Z" duration-ms="23009" status="PASS">
          <reporter-output>
          </reporter-output>
        </test-method> <!-- preCondition -->
        <test-method signature="loginAdmin()[pri:0, instance:com.selenium.webobject.HandleFrame@7c469c48]" started-at="2020-11-04T13:51:17Z" name="loginAdmin" description="Test to verify login of mutual fund app" finished-at="2020-11-04T13:51:27Z" duration-ms="10203" status="PASS">
          <reporter-output>
          </reporter-output>
        </test-method> <!-- loginAdmin -->
      </class> <!-- com.selenium.webobject.HandleFrame -->
    </test> <!-- Test3 -->
    <test started-at="2020-11-04T13:50:54Z" name=" Test1 " finished-at="2020-11-04T13:52:02Z" duration-ms="68964">
      <class name="com.selenium.testcases.selenium_test.LoginTestng">
        <test-method is-config="true" signature="preCondition()[pri:0, instance:com.selenium.testcases.selenium_test.LoginTestng@222114ba]" started-at="2020-11-04T13:50:54Z" name="preCondition" finished-at="2020-11-04T13:51:09Z" duration-ms="14999" status="PASS">
          <reporter-output>
          </reporter-output>
        </test-method> <!-- preCondition -->
        <test-method signature="loginAdmin()[pri:0, instance:com.selenium.testcases.selenium_test.LoginTestng@222114ba]" started-at="2020-11-04T13:51:09Z" name="loginAdmin" description="Test to verify login of mutual fund app" finished-at="2020-11-04T13:51:23Z" duration-ms="14095" status="PASS">
          <reporter-output>
          </reporter-output>
        </test-method> <!-- loginAdmin -->
        <test-method signature="loginTestUser()[pri:1, instance:com.selenium.testcases.selenium_test.LoginTestng@222114ba]" started-at="2020-11-04T13:51:23Z" name="loginTestUser" description="Test to verify login of mutual fund app" finished-at="2020-11-04T13:51:25Z" depends-on-methods="com.selenium.testcases.selenium_test.LoginTestng.loginAdmin" duration-ms="2645" status="PASS">
          <reporter-output>
          </reporter-output>
        </test-method> <!-- loginTestUser -->
        <test-method signature="loginTestUser()[pri:1, instance:com.selenium.testcases.selenium_test.LoginTestng@222114ba]" started-at="2020-11-04T13:51:25Z" name="loginTestUser" description="Test to verify login of mutual fund app" finished-at="2020-11-04T13:51:28Z" depends-on-methods="com.selenium.testcases.selenium_test.LoginTestng.loginAdmin" duration-ms="2855" status="PASS">
          <reporter-output>
          </reporter-output>
        </test-method> <!-- loginTestUser -->
        <test-method signature="loginTestUser()[pri:1, instance:com.selenium.testcases.selenium_test.LoginTestng@222114ba]" started-at="2020-11-04T13:51:28Z" name="loginTestUser" description="Test to verify login of mutual fund app" finished-at="2020-11-04T13:51:32Z" depends-on-methods="com.selenium.testcases.selenium_test.LoginTestng.loginAdmin" duration-ms="3473" status="PASS">
          <reporter-output>
          </reporter-output>
        </test-method> <!-- loginTestUser -->
        <test-method signature="userLogin()[pri:2, instance:com.selenium.testcases.selenium_test.LoginTestng@222114ba]" started-at="2020-11-04T13:51:32Z" name="userLogin" description="Test to verify login of Kroger ap" finished-at="2020-11-04T13:52:01Z" duration-ms="29178" status="PASS">
          <reporter-output>
          </reporter-output>
        </test-method> <!-- userLogin -->
        <test-method is-config="true" signature="postCondition()[pri:0, instance:com.selenium.testcases.selenium_test.LoginTestng@222114ba]" started-at="2020-11-04T13:52:01Z" name="postCondition" finished-at="2020-11-04T13:52:02Z" duration-ms="1685" status="PASS">
          <reporter-output>
          </reporter-output>
        </test-method> <!-- postCondition -->
      </class> <!-- com.selenium.testcases.selenium_test.LoginTestng -->
    </test> <!--  Test1  -->
  </suite> <!-- Smoke Suite -->
</testng-results>
